<?xml version="1.0" encoding="UTF-8"?>
<!-- Generated by org.testng.reporters.JUnitReportReporter -->
<testsuite skipped="0" hostname="ganespal" name="Com.Project.TestCase.Homepage" tests="1" failures="0" timestamp="16 Apr 2019 10:30:53 GMT" time="16.420" errors="0">
  <testcase name="Navigate" time="16.420" classname="Com.Project.TestCase.Homepage"/>
</testsuite> <!-- Com.Project.TestCase.Homepage -->
