<?xml version="1.0" encoding="UTF-8"?>
<!-- Generated by org.testng.reporters.JUnitReportReporter -->
<testsuite skipped="0" hostname="ganespal" name="Com.Project.TestCase.TestCase" tests="6" failures="0" timestamp="21 Apr 2019 20:07:14 GMT" time="21.154" errors="0">
  <testcase name="BasicCheck" time="2.032" classname="Com.Project.TestCase.TestCase"/>
  <testcase name="SearchCriteria" time="6.105" classname="Com.Project.TestCase.TestCase"/>
  <testcase name="GetBookDetails" time="5.092" classname="Com.Project.TestCase.TestCase"/>
  <testcase name="Get_PaperBack_Details" time="1.109" classname="Com.Project.TestCase.TestCase"/>
  <testcase name="Kindle" time="6.075" classname="Com.Project.TestCase.TestCase"/>
  <testcase name="Other" time="0.741" classname="Com.Project.TestCase.TestCase"/>
</testsuite> <!-- Com.Project.TestCase.TestCase -->
